e:\study\jpeg2000\visually_lossless_jpeg2000_jpip\v6_generated\compress\debug\vc140.pdb
e:\study\jpeg2000\visually_lossless_jpeg2000_jpip\v6_generated\compress\debug\vc140.idb
e:\study\jpeg2000\visually_lossless_jpeg2000_jpip\v6_generated\compress\debug\args.obj
e:\study\jpeg2000\visually_lossless_jpeg2000_jpip\v6_generated\compress\debug\image_in.obj
e:\study\jpeg2000\visually_lossless_jpeg2000_jpip\v6_generated\compress\debug\kdu_tiff.obj
e:\study\jpeg2000\visually_lossless_jpeg2000_jpip\v6_generated\compress\debug\palette.obj
e:\study\jpeg2000\visually_lossless_jpeg2000_jpip\v6_generated\compress\debug\jp2.obj
e:\study\jpeg2000\visually_lossless_jpeg2000_jpip\v6_generated\compress\debug\jpx.obj
e:\study\jpeg2000\visually_lossless_jpeg2000_jpip\v6_generated\compress\debug\kdu_compress.obj
e:\study\jpeg2000\visually_lossless_jpeg2000_jpip\v6_generated\compress\debug\roi_sources.obj
e:\study\jpeg2000\visually_lossless_jpeg2000_jpip\bin\kdu_compress.ilk
e:\study\jpeg2000\visually_lossless_jpeg2000_jpip\bin\kdu_compress.exe
e:\study\jpeg2000\visually_lossless_jpeg2000_jpip\v6_generated\compress\debug\kdu_compress.pdb
e:\study\jpeg2000\visually_lossless_jpeg2000_jpip\v6_generated\compress\debug\.\..\..\..\v6_generated\compress\debug\kdu_compress.pdb
e:\study\jpeg2000\visually_lossless_jpeg2000_jpip\v6_generated\compress\debug\kdu_compress.tlog\cl.command.1.tlog
e:\study\jpeg2000\visually_lossless_jpeg2000_jpip\v6_generated\compress\debug\kdu_compress.tlog\cl.read.1.tlog
e:\study\jpeg2000\visually_lossless_jpeg2000_jpip\v6_generated\compress\debug\kdu_compress.tlog\cl.write.1.tlog
e:\study\jpeg2000\visually_lossless_jpeg2000_jpip\v6_generated\compress\debug\kdu_compress.tlog\link.command.1.tlog
e:\study\jpeg2000\visually_lossless_jpeg2000_jpip\v6_generated\compress\debug\kdu_compress.tlog\link.read.1.tlog
e:\study\jpeg2000\visually_lossless_jpeg2000_jpip\v6_generated\compress\debug\kdu_compress.tlog\link.write.1.tlog
