e:\study\jpeg2000\visually_lossless_jpeg2000\v6_generated\show\debug\kdu_show.pch
e:\study\jpeg2000\visually_lossless_jpeg2000\v6_generated\show\debug\vc140.pdb
e:\study\jpeg2000\visually_lossless_jpeg2000\v6_generated\show\debug\vc140.idb
e:\study\jpeg2000\visually_lossless_jpeg2000\v6_generated\show\debug\stdafx.obj
e:\study\jpeg2000\visually_lossless_jpeg2000\v6_generated\show\debug\client_server.obj
e:\study\jpeg2000\visually_lossless_jpeg2000\v6_generated\show\debug\client_server_comms.obj
e:\study\jpeg2000\visually_lossless_jpeg2000\v6_generated\show\debug\kdu_cache.obj
e:\study\jpeg2000\visually_lossless_jpeg2000\v6_generated\show\debug\kdu_client.obj
e:\study\jpeg2000\visually_lossless_jpeg2000\v6_generated\show\debug\kdu_clientx.obj
e:\study\jpeg2000\visually_lossless_jpeg2000\v6_generated\show\debug\jp2.obj
e:\study\jpeg2000\visually_lossless_jpeg2000\v6_generated\show\debug\jpx.obj
e:\study\jpeg2000\visually_lossless_jpeg2000\v6_generated\show\debug\mj2.obj
e:\study\jpeg2000\visually_lossless_jpeg2000\v6_generated\show\debug\kdu_region_compositor.obj
e:\study\jpeg2000\visually_lossless_jpeg2000\v6_generated\show\debug\kdu_region_decompressor.obj
e:\study\jpeg2000\visually_lossless_jpeg2000\v6_generated\show\debug\childview.obj
e:\study\jpeg2000\visually_lossless_jpeg2000\v6_generated\show\debug\kdu_show.obj
e:\study\jpeg2000\visually_lossless_jpeg2000\v6_generated\show\debug\kd_metadata_editor.obj
e:\study\jpeg2000\visually_lossless_jpeg2000\v6_generated\show\debug\kd_metashow.obj
e:\study\jpeg2000\visually_lossless_jpeg2000\v6_generated\show\debug\kd_playcontrol.obj
e:\study\jpeg2000\visually_lossless_jpeg2000\v6_generated\show\debug\mainfrm.obj
e:\study\jpeg2000\visually_lossless_jpeg2000\v6_generated\show\debug\kdu_show.res
e:\study\jpeg2000\visually_lossless_jpeg2000_jpip\v6_generated\show\debug\childview.obj
e:\study\jpeg2000\visually_lossless_jpeg2000_jpip\v6_generated\show\debug\client_server.obj
e:\study\jpeg2000\visually_lossless_jpeg2000_jpip\v6_generated\show\debug\client_server_comms.obj
e:\study\jpeg2000\visually_lossless_jpeg2000_jpip\v6_generated\show\debug\jp2.obj
e:\study\jpeg2000\visually_lossless_jpeg2000_jpip\v6_generated\show\debug\jpx.obj
e:\study\jpeg2000\visually_lossless_jpeg2000_jpip\v6_generated\show\debug\kdu_cache.obj
e:\study\jpeg2000\visually_lossless_jpeg2000_jpip\v6_generated\show\debug\kdu_client.obj
e:\study\jpeg2000\visually_lossless_jpeg2000_jpip\v6_generated\show\debug\kdu_clientx.obj
e:\study\jpeg2000\visually_lossless_jpeg2000_jpip\v6_generated\show\debug\kdu_region_compositor.obj
e:\study\jpeg2000\visually_lossless_jpeg2000_jpip\v6_generated\show\debug\kdu_region_decompressor.obj
e:\study\jpeg2000\visually_lossless_jpeg2000_jpip\v6_generated\show\debug\kdu_show.obj
e:\study\jpeg2000\visually_lossless_jpeg2000_jpip\v6_generated\show\debug\kd_metadata_editor.obj
e:\study\jpeg2000\visually_lossless_jpeg2000_jpip\v6_generated\show\debug\kd_metashow.obj
e:\study\jpeg2000\visually_lossless_jpeg2000_jpip\v6_generated\show\debug\kd_playcontrol.obj
e:\study\jpeg2000\visually_lossless_jpeg2000_jpip\v6_generated\show\debug\mainfrm.obj
e:\study\jpeg2000\visually_lossless_jpeg2000_jpip\v6_generated\show\debug\mj2.obj
e:\study\jpeg2000\visually_lossless_jpeg2000_jpip\v6_generated\show\debug\stdafx.obj
e:\study\jpeg2000\visually_lossless_jpeg2000_jpip\v6_generated\show\debug\kdu_show.res
e:\study\jpeg2000\visually_lossless_jpeg2000_jpip\v6_generated\show\debug\kdu_show.pch
e:\study\jpeg2000\visually_lossless_jpeg2000_jpip\v6_generated\show\debug\vc140.idb
e:\study\jpeg2000\visually_lossless_jpeg2000_jpip\v6_generated\show\debug\vc140.pdb
e:\study\jpeg2000\visually_lossless_jpeg2000_jpip\v6_generated\show\debug\kdu_show.tlog\cl.command.1.tlog
e:\study\jpeg2000\visually_lossless_jpeg2000_jpip\v6_generated\show\debug\kdu_show.tlog\cl.read.1.tlog
e:\study\jpeg2000\visually_lossless_jpeg2000_jpip\v6_generated\show\debug\kdu_show.tlog\cl.write.1.tlog
e:\study\jpeg2000\visually_lossless_jpeg2000_jpip\v6_generated\show\debug\kdu_show.tlog\link.command.1.tlog
e:\study\jpeg2000\visually_lossless_jpeg2000_jpip\v6_generated\show\debug\kdu_show.tlog\link.read.1.tlog
e:\study\jpeg2000\visually_lossless_jpeg2000_jpip\v6_generated\show\debug\kdu_show.tlog\link.write.1.tlog
e:\study\jpeg2000\visually_lossless_jpeg2000_jpip\v6_generated\show\debug\kdu_show.tlog\rc.command.1.tlog
e:\study\jpeg2000\visually_lossless_jpeg2000_jpip\v6_generated\show\debug\kdu_show.tlog\rc.read.1.tlog
e:\study\jpeg2000\visually_lossless_jpeg2000_jpip\v6_generated\show\debug\kdu_show.tlog\rc.write.1.tlog
