e:\study\jpeg2000\visually_lossless_jpeg2000_jpip\v6_generated\coresys\debug\vc140.pdb
e:\study\jpeg2000\visually_lossless_jpeg2000_jpip\v6_generated\coresys\debug\vc140.idb
e:\study\jpeg2000\visually_lossless_jpeg2000_jpip\v6_generated\coresys\debug\block_coding_common.obj
e:\study\jpeg2000\visually_lossless_jpeg2000_jpip\v6_generated\coresys\debug\block_decoder.obj
e:\study\jpeg2000\visually_lossless_jpeg2000_jpip\v6_generated\coresys\debug\block_encoder.obj
e:\study\jpeg2000\visually_lossless_jpeg2000_jpip\v6_generated\coresys\debug\decoder.obj
e:\study\jpeg2000\visually_lossless_jpeg2000_jpip\v6_generated\coresys\debug\encoder.obj
e:\study\jpeg2000\visually_lossless_jpeg2000_jpip\v6_generated\coresys\debug\mq_decoder.obj
e:\study\jpeg2000\visually_lossless_jpeg2000_jpip\v6_generated\coresys\debug\mq_encoder.obj
e:\study\jpeg2000\visually_lossless_jpeg2000_jpip\v6_generated\coresys\debug\kdu_arch.obj
e:\study\jpeg2000\visually_lossless_jpeg2000_jpip\v6_generated\coresys\debug\blocks.obj
e:\study\jpeg2000\visually_lossless_jpeg2000_jpip\v6_generated\coresys\debug\codestream.obj
e:\study\jpeg2000\visually_lossless_jpeg2000_jpip\v6_generated\coresys\debug\compressed.obj
e:\study\jpeg2000\visually_lossless_jpeg2000_jpip\v6_generated\coresys\debug\kernels.obj
e:\study\jpeg2000\visually_lossless_jpeg2000_jpip\v6_generated\coresys\debug\messaging.obj
e:\study\jpeg2000\visually_lossless_jpeg2000_jpip\v6_generated\coresys\debug\params.obj
e:\study\jpeg2000\visually_lossless_jpeg2000_jpip\v6_generated\coresys\debug\roi.obj
e:\study\jpeg2000\visually_lossless_jpeg2000_jpip\v6_generated\coresys\debug\kdu_threads.obj
e:\study\jpeg2000\visually_lossless_jpeg2000_jpip\v6_generated\coresys\debug\analysis.obj
e:\study\jpeg2000\visually_lossless_jpeg2000_jpip\v6_generated\coresys\debug\colour.obj
e:\study\jpeg2000\visually_lossless_jpeg2000_jpip\v6_generated\coresys\debug\multi_transform.obj
e:\study\jpeg2000\visually_lossless_jpeg2000_jpip\v6_generated\coresys\debug\synthesis.obj
e:\study\jpeg2000\visually_lossless_jpeg2000_jpip\lib\kdu_v61d.lib
e:\study\jpeg2000\visually_lossless_jpeg2000_jpip\lib\kdu_v61d.exp
e:\study\jpeg2000\visually_lossless_jpeg2000_jpip\bin\kdu_v61d.ilk
e:\study\jpeg2000\visually_lossless_jpeg2000_jpip\bin\kdu_v61d.dll
e:\study\jpeg2000\visually_lossless_jpeg2000_jpip\v6_generated\coresys\debug\coresys.pdb
e:\study\jpeg2000\visually_lossless_jpeg2000_jpip\v6_generated\coresys\debug\coresys.res
e:\study\jpeg2000\visually_lossless_jpeg2000_jpip\v6_generated\coresys\debug\coresys.tlog\cl.command.1.tlog
e:\study\jpeg2000\visually_lossless_jpeg2000_jpip\v6_generated\coresys\debug\coresys.tlog\cl.read.1.tlog
e:\study\jpeg2000\visually_lossless_jpeg2000_jpip\v6_generated\coresys\debug\coresys.tlog\cl.write.1.tlog
e:\study\jpeg2000\visually_lossless_jpeg2000_jpip\v6_generated\coresys\debug\coresys.tlog\coresys.write.1u.tlog
e:\study\jpeg2000\visually_lossless_jpeg2000_jpip\v6_generated\coresys\debug\coresys.tlog\link.command.1.tlog
e:\study\jpeg2000\visually_lossless_jpeg2000_jpip\v6_generated\coresys\debug\coresys.tlog\link.read.1.tlog
e:\study\jpeg2000\visually_lossless_jpeg2000_jpip\v6_generated\coresys\debug\coresys.tlog\link.write.1.tlog
e:\study\jpeg2000\visually_lossless_jpeg2000_jpip\v6_generated\coresys\debug\coresys.tlog\rc.command.1.tlog
e:\study\jpeg2000\visually_lossless_jpeg2000_jpip\v6_generated\coresys\debug\coresys.tlog\rc.read.1.tlog
e:\study\jpeg2000\visually_lossless_jpeg2000_jpip\v6_generated\coresys\debug\coresys.tlog\rc.write.1.tlog
