e:\study\jpeg2000\visually_lossless_jpeg2000\v6_generated\server\debug\kdu_server.bsc
e:\study\jpeg2000\visually_lossless_jpeg2000\v6_generated\server\debug\vc140.pdb
e:\study\jpeg2000\visually_lossless_jpeg2000\v6_generated\server\debug\vc140.idb
e:\study\jpeg2000\visually_lossless_jpeg2000\v6_generated\server\debug\kdu_servex.sbr
e:\study\jpeg2000\visually_lossless_jpeg2000\v6_generated\server\debug\kdu_server.sbr
e:\study\jpeg2000\visually_lossless_jpeg2000\v6_generated\server\debug\kdu_serve.sbr
e:\study\jpeg2000\visually_lossless_jpeg2000\v6_generated\server\debug\kdu_security.sbr
e:\study\jpeg2000\visually_lossless_jpeg2000\v6_generated\server\debug\delivery.sbr
e:\study\jpeg2000\visually_lossless_jpeg2000\v6_generated\server\debug\connection.sbr
e:\study\jpeg2000\visually_lossless_jpeg2000\v6_generated\server\debug\jp2.sbr
e:\study\jpeg2000\visually_lossless_jpeg2000\v6_generated\server\debug\client_server_comms.sbr
e:\study\jpeg2000\visually_lossless_jpeg2000\v6_generated\server\debug\client_server.sbr
e:\study\jpeg2000\visually_lossless_jpeg2000\v6_generated\server\debug\args.sbr
e:\study\jpeg2000\visually_lossless_jpeg2000\v6_generated\server\debug\args.obj
e:\study\jpeg2000\visually_lossless_jpeg2000\v6_generated\server\debug\client_server.obj
e:\study\jpeg2000\visually_lossless_jpeg2000\v6_generated\server\debug\client_server_comms.obj
e:\study\jpeg2000\visually_lossless_jpeg2000\v6_generated\server\debug\jp2.obj
e:\study\jpeg2000\visually_lossless_jpeg2000\v6_generated\server\debug\connection.obj
e:\study\jpeg2000\visually_lossless_jpeg2000\v6_generated\server\debug\delivery.obj
e:\study\jpeg2000\visually_lossless_jpeg2000\v6_generated\server\debug\kdu_security.obj
e:\study\jpeg2000\visually_lossless_jpeg2000\v6_generated\server\debug\kdu_serve.obj
e:\study\jpeg2000\visually_lossless_jpeg2000\v6_generated\server\debug\kdu_server.obj
e:\study\jpeg2000\visually_lossless_jpeg2000\v6_generated\server\debug\kdu_servex.obj
e:\study\jpeg2000\visually_lossless_jpeg2000\bin\kdu_server.ilk
e:\study\jpeg2000\visually_lossless_jpeg2000\bin\kdu_server.exe
e:\study\jpeg2000\visually_lossless_jpeg2000\v6_generated\server\debug\kdu_server.pdb
e:\study\jpeg2000\visually_lossless_jpeg2000_jpip\v6_generated\server\debug\args.obj
e:\study\jpeg2000\visually_lossless_jpeg2000_jpip\v6_generated\server\debug\client_server.obj
e:\study\jpeg2000\visually_lossless_jpeg2000_jpip\v6_generated\server\debug\client_server_comms.obj
e:\study\jpeg2000\visually_lossless_jpeg2000_jpip\v6_generated\server\debug\connection.obj
e:\study\jpeg2000\visually_lossless_jpeg2000_jpip\v6_generated\server\debug\delivery.obj
e:\study\jpeg2000\visually_lossless_jpeg2000_jpip\v6_generated\server\debug\jp2.obj
e:\study\jpeg2000\visually_lossless_jpeg2000_jpip\v6_generated\server\debug\kdu_security.obj
e:\study\jpeg2000\visually_lossless_jpeg2000_jpip\v6_generated\server\debug\kdu_serve.obj
e:\study\jpeg2000\visually_lossless_jpeg2000_jpip\v6_generated\server\debug\kdu_server.obj
e:\study\jpeg2000\visually_lossless_jpeg2000_jpip\v6_generated\server\debug\kdu_servex.obj
e:\study\jpeg2000\visually_lossless_jpeg2000_jpip\v6_generated\server\debug\vc140.idb
e:\study\jpeg2000\visually_lossless_jpeg2000_jpip\v6_generated\server\debug\kdu_server.pdb
e:\study\jpeg2000\visually_lossless_jpeg2000_jpip\v6_generated\server\debug\vc140.pdb
e:\study\jpeg2000\visually_lossless_jpeg2000_jpip\v6_generated\server\debug\kdu_server.bsc
e:\study\jpeg2000\visually_lossless_jpeg2000_jpip\v6_generated\server\debug\args.sbr
e:\study\jpeg2000\visually_lossless_jpeg2000_jpip\v6_generated\server\debug\client_server.sbr
e:\study\jpeg2000\visually_lossless_jpeg2000_jpip\v6_generated\server\debug\client_server_comms.sbr
e:\study\jpeg2000\visually_lossless_jpeg2000_jpip\v6_generated\server\debug\connection.sbr
e:\study\jpeg2000\visually_lossless_jpeg2000_jpip\v6_generated\server\debug\delivery.sbr
e:\study\jpeg2000\visually_lossless_jpeg2000_jpip\v6_generated\server\debug\jp2.sbr
e:\study\jpeg2000\visually_lossless_jpeg2000_jpip\v6_generated\server\debug\kdu_security.sbr
e:\study\jpeg2000\visually_lossless_jpeg2000_jpip\v6_generated\server\debug\kdu_serve.sbr
e:\study\jpeg2000\visually_lossless_jpeg2000_jpip\v6_generated\server\debug\kdu_server.sbr
e:\study\jpeg2000\visually_lossless_jpeg2000_jpip\v6_generated\server\debug\kdu_servex.sbr
e:\study\jpeg2000\visually_lossless_jpeg2000_jpip\v6_generated\server\debug\.\..\..\..\v6_generated\server\debug\kdu_server.pdb
e:\study\jpeg2000\visually_lossless_jpeg2000_jpip\v6_generated\server\debug\.\..\..\..\v6_generated\server\debug\kdu_server.bsc
e:\study\jpeg2000\visually_lossless_jpeg2000_jpip\v6_generated\server\debug\kdu_server.tlog\bscmake.command.1.tlog
e:\study\jpeg2000\visually_lossless_jpeg2000_jpip\v6_generated\server\debug\kdu_server.tlog\bscmake.read.1.tlog
e:\study\jpeg2000\visually_lossless_jpeg2000_jpip\v6_generated\server\debug\kdu_server.tlog\bscmake.write.1.tlog
e:\study\jpeg2000\visually_lossless_jpeg2000_jpip\v6_generated\server\debug\kdu_server.tlog\cl.command.1.tlog
e:\study\jpeg2000\visually_lossless_jpeg2000_jpip\v6_generated\server\debug\kdu_server.tlog\cl.read.1.tlog
e:\study\jpeg2000\visually_lossless_jpeg2000_jpip\v6_generated\server\debug\kdu_server.tlog\cl.write.1.tlog
e:\study\jpeg2000\visually_lossless_jpeg2000_jpip\v6_generated\server\debug\kdu_server.tlog\link.command.1.tlog
e:\study\jpeg2000\visually_lossless_jpeg2000_jpip\v6_generated\server\debug\kdu_server.tlog\link.read.1.tlog
e:\study\jpeg2000\visually_lossless_jpeg2000_jpip\v6_generated\server\debug\kdu_server.tlog\link.write.1.tlog
