e:\study\jpeg2000\visually_lossless_jpeg2000\v6_generated\buffered_compress\debug\vc140.pdb
e:\study\jpeg2000\visually_lossless_jpeg2000\v6_generated\buffered_compress\debug\vc140.idb
e:\study\jpeg2000\visually_lossless_jpeg2000\v6_generated\buffered_compress\debug\args.obj
e:\study\jpeg2000\visually_lossless_jpeg2000\v6_generated\buffered_compress\debug\jp2.obj
e:\study\jpeg2000\visually_lossless_jpeg2000\v6_generated\buffered_compress\debug\kdu_stripe_compressor.obj
e:\study\jpeg2000\visually_lossless_jpeg2000\v6_generated\buffered_compress\debug\kdu_buffered_compress.obj
e:\study\jpeg2000\visually_lossless_jpeg2000\bin\kdu_buffered_compress.ilk
e:\study\jpeg2000\visually_lossless_jpeg2000\bin\kdu_buffered_compress.exe
e:\study\jpeg2000\visually_lossless_jpeg2000\v6_generated\buffered_compress\debug\kdu_buffered_compress.pdb
e:\study\jpeg2000\visually_lossless_jpeg2000\v6_generated\buffered_compress\debug\kdu_buffered_compress.ilk
e:\study\jpeg2000\visually_lossless_jpeg2000\v6_generated\buffered_compress\debug\kdu_v61d.ilk
e:\study\jpeg2000\visually_lossless_jpeg2000\v6_generated\buffered_compress\debug\.\..\..\..\v6_generated\buffered_compress\debug\kdu_buffered_compress.pdb
e:\study\jpeg2000\visually_lossless_jpeg2000\modifiedkakadu\apps\kdu_buffered_compress\.\..\..\..\v6_generated\buffered_compress\debug\kdu_buffered_compress.exe
e:\study\jpeg2000\visually_lossless_jpeg2000\v6_generated\buffered_compress\debug\.\..\..\..\v6_generated\buffered_compress\debug\kdu_buffered_compress.ilk
e:\study\jpeg2000\visually_lossless_jpeg2000\v6_generated\buffered_compress\debug\kdu_buff.65227d00.tlog\cl.command.1.tlog
e:\study\jpeg2000\visually_lossless_jpeg2000\v6_generated\buffered_compress\debug\kdu_buff.65227d00.tlog\cl.read.1.tlog
e:\study\jpeg2000\visually_lossless_jpeg2000\v6_generated\buffered_compress\debug\kdu_buff.65227d00.tlog\cl.write.1.tlog
e:\study\jpeg2000\visually_lossless_jpeg2000\v6_generated\buffered_compress\debug\kdu_buff.65227d00.tlog\link.command.1.tlog
e:\study\jpeg2000\visually_lossless_jpeg2000\v6_generated\buffered_compress\debug\kdu_buff.65227d00.tlog\link.read.1.tlog
e:\study\jpeg2000\visually_lossless_jpeg2000\v6_generated\buffered_compress\debug\kdu_buff.65227d00.tlog\link.write.1.tlog
