e:\study\jpeg2000\visually_lossless_jpeg2000\v6_generated\hyperdoc\debug\vc140.pdb
e:\study\jpeg2000\visually_lossless_jpeg2000\v6_generated\hyperdoc\debug\vc140.idb
e:\study\jpeg2000\visually_lossless_jpeg2000\v6_generated\hyperdoc\debug\messaging.obj
e:\study\jpeg2000\visually_lossless_jpeg2000\v6_generated\hyperdoc\debug\args.obj
e:\study\jpeg2000\visually_lossless_jpeg2000\v6_generated\hyperdoc\debug\aux_builder.obj
e:\study\jpeg2000\visually_lossless_jpeg2000\v6_generated\hyperdoc\debug\jni_builder.obj
e:\study\jpeg2000\visually_lossless_jpeg2000\v6_generated\hyperdoc\debug\kdu_hyperdoc.obj
e:\study\jpeg2000\visually_lossless_jpeg2000\v6_generated\hyperdoc\debug\mni_builder.obj
e:\study\jpeg2000\visually_lossless_jpeg2000\v6_generated\hyperdoc\debug\kdu_hyperdoc.ilk
e:\study\jpeg2000\visually_lossless_jpeg2000\v6_generated\hyperdoc\debug\kdu_hyperdoc.exe
e:\study\jpeg2000\visually_lossless_jpeg2000\v6_generated\hyperdoc\debug\kdu_hyperdoc.pdb
e:\study\jpeg2000\visually_lossless_jpeg2000\v6_generated\hyperdoc\debug\.\..\..\..\v6_generated\hyperdoc\debug\kdu_hyperdoc.pdb
e:\study\jpeg2000\visually_lossless_jpeg2000\modifiedkakadu\apps\kdu_hyperdoc\.\..\..\..\v6_generated\hyperdoc\debug\kdu_hyperdoc.exe
e:\study\jpeg2000\visually_lossless_jpeg2000\v6_generated\hyperdoc\debug\.\..\..\..\v6_generated\hyperdoc\debug\kdu_hyperdoc.ilk
e:\study\jpeg2000\visually_lossless_jpeg2000\v6_generated\hyperdoc\debug\kdu_hyperdoc.tlog\cl.command.1.tlog
e:\study\jpeg2000\visually_lossless_jpeg2000\v6_generated\hyperdoc\debug\kdu_hyperdoc.tlog\cl.read.1.tlog
e:\study\jpeg2000\visually_lossless_jpeg2000\v6_generated\hyperdoc\debug\kdu_hyperdoc.tlog\cl.write.1.tlog
e:\study\jpeg2000\visually_lossless_jpeg2000\v6_generated\hyperdoc\debug\kdu_hyperdoc.tlog\link.command.1.tlog
e:\study\jpeg2000\visually_lossless_jpeg2000\v6_generated\hyperdoc\debug\kdu_hyperdoc.tlog\link.read.1.tlog
e:\study\jpeg2000\visually_lossless_jpeg2000\v6_generated\hyperdoc\debug\kdu_hyperdoc.tlog\link.write.1.tlog
