e:\study\jpeg2000\visually_lossless_jpeg2000\v6_generated_x86\coresys\release\analysis.obj
e:\study\jpeg2000\visually_lossless_jpeg2000\v6_generated_x86\coresys\release\blocks.obj
e:\study\jpeg2000\visually_lossless_jpeg2000\v6_generated_x86\coresys\release\block_coding_common.obj
e:\study\jpeg2000\visually_lossless_jpeg2000\v6_generated_x86\coresys\release\block_decoder.obj
e:\study\jpeg2000\visually_lossless_jpeg2000\v6_generated_x86\coresys\release\block_encoder.obj
e:\study\jpeg2000\visually_lossless_jpeg2000\v6_generated_x86\coresys\release\codestream.obj
e:\study\jpeg2000\visually_lossless_jpeg2000\v6_generated_x86\coresys\release\colour.obj
e:\study\jpeg2000\visually_lossless_jpeg2000\v6_generated_x86\coresys\release\compressed.obj
e:\study\jpeg2000\visually_lossless_jpeg2000\v6_generated_x86\coresys\release\decoder.obj
e:\study\jpeg2000\visually_lossless_jpeg2000\v6_generated_x86\coresys\release\encoder.obj
e:\study\jpeg2000\visually_lossless_jpeg2000\v6_generated_x86\coresys\release\kdu_arch.obj
e:\study\jpeg2000\visually_lossless_jpeg2000\v6_generated_x86\coresys\release\kdu_threads.obj
e:\study\jpeg2000\visually_lossless_jpeg2000\v6_generated_x86\coresys\release\kernels.obj
e:\study\jpeg2000\visually_lossless_jpeg2000\v6_generated_x86\coresys\release\messaging.obj
e:\study\jpeg2000\visually_lossless_jpeg2000\v6_generated_x86\coresys\release\mq_decoder.obj
e:\study\jpeg2000\visually_lossless_jpeg2000\v6_generated_x86\coresys\release\mq_encoder.obj
e:\study\jpeg2000\visually_lossless_jpeg2000\v6_generated_x86\coresys\release\multi_transform.obj
e:\study\jpeg2000\visually_lossless_jpeg2000\v6_generated_x86\coresys\release\params.obj
e:\study\jpeg2000\visually_lossless_jpeg2000\v6_generated_x86\coresys\release\roi.obj
e:\study\jpeg2000\visually_lossless_jpeg2000\v6_generated_x86\coresys\release\synthesis.obj
e:\study\jpeg2000\visually_lossless_jpeg2000\v6_generated_x86\coresys\release\kdu_v61r.dll.intermediate.manifest
e:\study\jpeg2000\visually_lossless_jpeg2000\v6_generated_x86\coresys\release\coresys.res
e:\study\jpeg2000\visually_lossless_jpeg2000\v6_generated_x86\coresys\release\vc90.idb
